#
# A fatal error has been detected by the Java Runtime Environment:
#
#  EXCEPTION_ACCESS_VIOLATION (0xc0000005) at pc=0x0000000059b26d05, pid=3204, tid=6264
#
# JRE version: Java(TM) SE Runtime Environment (8.0-b118) (build 1.8.0-ea-b118)
# Java VM: Java HotSpot(TM) 64-Bit Server VM (25.0-b60 mixed mode windows-amd64 compressed oops)
# Problematic frame:
# V  [jvm.dll+0x116d05]
#
# Failed to write core dump. Minidumps are not enabled by default on client versions of Windows
#
# If you would like to submit a bug report, please visit:
#   http://bugreport.sun.com/bugreport/crash.jsp
#

---------------  T H R E A D  ---------------

Current thread (0x00000000545ed000):  JavaThread "JDWP Transport Listener: dt_socket" daemon [_thread_in_vm, id=6264, stack(0x0000000056d70000,0x0000000056e70000)]

siginfo: ExceptionCode=0xc0000005, reading address 0x00003b003b746e65

Registers:
RAX=0x0000000056e6f001, RBX=0x00000000545ed000, RCX=0x00003b003b746e65, RDX=0x0000000000000000
RSP=0x0000000056e6f000, RBP=0x00003b003b746e65, RSI=0x0000000056e6f118, RDI=0x0000000002118ae0
R8 =0x00000000545ed000, R9 =0x0000000000000700, R10=0x0000000000000000, R11=0x000025ea0017000d
R12=0x0000000000000000, R13=0x00000000545ed908, R14=0x0000000000000000, R15=0x0000000000000000
RIP=0x0000000059b26d05, EFLAGS=0x0000000000010206

Top of Stack: (sp=0x0000000056e6f000)
0x0000000056e6f000:   00000000545ed000 00000000545ed000
0x0000000056e6f010:   0000000056e6f0c8 0000000059d19a9b
0x0000000056e6f020:   00000000545ed000 0000000059d362fd
0x0000000056e6f030:   0000000000000000 000000006bab9149
0x0000000056e6f040:   0000000055e0cb98 000000006bac2912
0x0000000056e6f050:   00000000545ed000 0000000000000000
0x0000000056e6f060:   0000000000000000 0000000000000000
0x0000000056e6f070:   00003b003b746e65 000000006bac1a09
0x0000000056e6f080:   0000000056e6f118 0000000056e6f0f0
0x0000000056e6f090:   0000000000000001 0000000055e0cb98
0x0000000056e6f0a0:   00003b003b746e65 000000006baa53b3
0x0000000056e6f0b0:   0000000056e6f1e0 0000000000000001
0x0000000056e6f0c0:   0000000000000001 0000000055e0cb98
0x0000000056e6f0d0:   0000000000000009 0000000000000000
0x0000000056e6f0e0:   0000000000000000 0000000000000000
0x0000000056e6f0f0:   0000000000000001 000000006baa5571 

Instructions: (pc=0x0000000059b26d05)
0x0000000059b26ce5:   cc cc cc cc cc cc cc cc cc cc cc 48 83 ec 28 48
0x0000000059b26cf5:   85 c9 75 07 33 c0 48 83 c4 28 c3 48 89 5c 24 20
0x0000000059b26d05:   48 8b 19 48 85 db 74 20 48 83 fb 37 74 1a 48 8b
0x0000000059b26d15:   13 48 8b cb ff 52 08 84 c0 74 0d 48 8b c3 48 8b 


Register to memory mapping:

RAX=0x0000000056e6f001 is pointing into the stack for thread: 0x00000000545ed000
RBX=0x00000000545ed000 is a thread
RCX=0x00003b003b746e65 is an unknown value
RDX=0x0000000000000000 is an unknown value
RSP=0x0000000056e6f000 is pointing into the stack for thread: 0x00000000545ed000
RBP=0x00003b003b746e65 is an unknown value
RSI=0x0000000056e6f118 is pointing into the stack for thread: 0x00000000545ed000
RDI=0x0000000002118ae0 is an unknown value
R8 =0x00000000545ed000 is a thread
R9 =0x0000000000000700 is an unknown value
R10=0x0000000000000000 is an unknown value
R11=0x000025ea0017000d is an unknown value
R12=0x0000000000000000 is an unknown value
R13=0x00000000545ed908 is an unknown value
R14=0x0000000000000000 is an unknown value
R15=0x0000000000000000 is an unknown value


Stack: [0x0000000056d70000,0x0000000056e70000],  sp=0x0000000056e6f000,  free space=1020k
Native frames: (J=compiled Java code, j=interpreted, Vv=VM code, C=native code)
V  [jvm.dll+0x116d05]
V  [jvm.dll+0x3262fd]
C  [jdwp.dll+0x21a09]
C  [jdwp.dll+0x53b3]
C  [jdwp.dll+0x5571]
C  [jdwp.dll+0xf09c]
C  [jdwp.dll+0x1f2c9]
C  [jdwp.dll+0x1f49e]
V  [jvm.dll+0x1a69c8]
V  [jvm.dll+0x222b14]
V  [jvm.dll+0x27b21a]
C  [msvcr100.dll+0x21d9f]
C  [msvcr100.dll+0x21e3b]
C  [kernel32.dll+0x159cd]
C  [ntdll.dll+0x2b981]


---------------  P R O C E S S  ---------------

Java Threads: ( => current thread )
  0x0000000055e3f000 JavaThread "Service Thread" daemon [_thread_blocked, id=3644, stack(0x00000000579e0000,0x0000000057ae0000)]
  0x0000000055dc4000 JavaThread "C1 CompilerThread2" daemon [_thread_blocked, id=3000, stack(0x0000000057790000,0x0000000057890000)]
  0x0000000055dc3000 JavaThread "C2 CompilerThread1" daemon [_thread_blocked, id=6320, stack(0x0000000057510000,0x0000000057610000)]
  0x0000000055dbd000 JavaThread "C2 CompilerThread0" daemon [_thread_blocked, id=1364, stack(0x00000000573e0000,0x00000000574e0000)]
  0x0000000055db1000 JavaThread "JDWP Command Reader" daemon [_thread_in_native, id=7436, stack(0x0000000057150000,0x0000000057250000)]
  0x0000000055dad800 JavaThread "JDWP Event Helper Thread" daemon [_thread_blocked, id=5620, stack(0x00000000572c0000,0x00000000573c0000)]
=>0x00000000545ed000 JavaThread "JDWP Transport Listener: dt_socket" daemon [_thread_in_vm, id=6264, stack(0x0000000056d70000,0x0000000056e70000)]
  0x00000000545e4800 JavaThread "Attach Listener" daemon [_thread_blocked, id=5452, stack(0x0000000055ca0000,0x0000000055da0000)]
  0x00000000545e1000 JavaThread "Signal Dispatcher" daemon [_thread_blocked, id=7340, stack(0x0000000055aa0000,0x0000000055ba0000)]
  0x0000000054580800 JavaThread "Finalizer" daemon [_thread_blocked, id=6556, stack(0x0000000055970000,0x0000000055a70000)]
  0x0000000054579000 JavaThread "Reference Handler" daemon [_thread_blocked, id=6276, stack(0x00000000556c0000,0x00000000557c0000)]
  0x000000000211f000 JavaThread "main" [_thread_blocked, id=6660, stack(0x0000000002230000,0x0000000002330000)]

Other Threads:
  0x0000000054575000 VMThread [stack: 0x0000000055530000,0x0000000055630000] [id=7352]
  0x0000000055e56000 WatcherThread [stack: 0x0000000057b30000,0x0000000057c30000] [id=7076]

VM state:not at safepoint (normal execution)

VM Mutex/Monitor currently owned by a thread: None

Heap:
 PSYoungGen      total 4608K, used 4308K [0x00000000f0600000, 0x00000000f0b80000, 0x0000000100000000)
  eden space 3584K, 98% used [0x00000000f0600000,0x00000000f0972448,0x00000000f0980000)
  from space 1024K, 76% used [0x00000000f0a80000,0x00000000f0b42d00,0x00000000f0b80000)
  to   space 1024K, 0% used [0x00000000f0980000,0x00000000f0980000,0x00000000f0a80000)
 ParOldGen       total 47616K, used 3258K [0x00000000d1200000, 0x00000000d4080000, 0x00000000f0600000)
  object space 47616K, 6% used [0x00000000d1200000,0x00000000d152e8d8,0x00000000d4080000)
 Metaspace       used 5520K, capacity 5626K, committed 5888K, reserved 1056768K
  class space    used 642K, capacity 658K, committed 768K, reserved 1048576K

Card table byte_map: [0x00000000119c0000,0x0000000011b40000] byte_map_base: 0x0000000011337000

Marking Bits: (ParMarkBitMap*) 0x000000005a1c14f0
 Begin Bits: [0x0000000012300000, 0x0000000012eb8000)
 End Bits:   [0x0000000012eb8000, 0x0000000013a70000)

Polling page: 0x0000000000220000

CodeCache: size=245760Kb used=1445Kb max_used=1457Kb free=244314Kb
 bounds [0x0000000002600000, 0x0000000002870000, 0x0000000011600000]
 total_blobs=419 nmethods=135 adapters=207
 compilation: enabled

Compilation events (10 events):
Event: 32.327 Thread 0x0000000055dc4000 nmethod 131 0x0000000002760150 code [0x00000000027603a0, 0x00000000027613b8]
Event: 32.348 Thread 0x0000000055dbd000  132       4       java.util.HashMap$HashIterator::hasNext (13 bytes)
Event: 32.349 Thread 0x0000000055dbd000 nmethod 132 0x000000000273ded0 code [0x000000000273e000, 0x000000000273e058]
Event: 32.350 Thread 0x0000000055dbd000  133       4       java.util.HashMap$HashIterator::nextNode (100 bytes)
Event: 32.357 Thread 0x0000000055dbd000 nmethod 133 0x000000000275d5d0 code [0x000000000275d720, 0x000000000275d978]
Event: 32.357 Thread 0x0000000055dbd000  134       4       java.lang.AbstractStringBuilder::expandCapacity (50 bytes)
Event: 32.359 Thread 0x0000000055dc3000 nmethod 116 0x0000000002765f10 code [0x0000000002766200, 0x00000000027686d0]
Event: 32.360 Thread 0x0000000055dbd000 nmethod 134 0x000000000275dad0 code [0x000000000275dc20, 0x000000000275de58]
Event: 121.365 Thread 0x0000000055dc3000  135       4       java.lang.String::hashCode (55 bytes)
Event: 121.372 Thread 0x0000000055dc3000 nmethod 135 0x0000000002761990 code [0x0000000002761ac0, 0x0000000002761c58]

GC Heap History (10 events):
Event: 22.002 GC heap before
{Heap before GC invocations=8 (full 0):
 PSYoungGen      total 1536K, used 1232K [0x00000000f0600000, 0x00000000f0900000, 0x0000000100000000)
  eden space 512K, 100% used [0x00000000f0600000,0x00000000f0680000,0x00000000f0680000)
  from space 1024K, 70% used [0x00000000f0680000,0x00000000f0734010,0x00000000f0780000)
  to   space 1024K, 0% used [0x00000000f0800000,0x00000000f0800000,0x00000000f0900000)
 ParOldGen       total 47616K, used 2237K [0x00000000d1200000, 0x00000000d4080000, 0x00000000f0600000)
  object space 47616K, 4% used [0x00000000d1200000,0x00000000d142f448,0x00000000d4080000)
 Metaspace       used 3607K, capacity 4670K, committed 4864K, reserved 1056768K
  class space    used 402K, capacity 430K, committed 512K, reserved 1048576K
Event: 22.006 GC heap after
Heap after GC invocations=8 (full 0):
 PSYoungGen      total 2048K, used 864K [0x00000000f0600000, 0x00000000f0900000, 0x0000000100000000)
  eden space 1024K, 0% used [0x00000000f0600000,0x00000000f0600000,0x00000000f0700000)
  from space 1024K, 84% used [0x00000000f0800000,0x00000000f08d8000,0x00000000f0900000)
  to   space 1024K, 0% used [0x00000000f0700000,0x00000000f0700000,0x00000000f0800000)
 ParOldGen       total 47616K, used 2341K [0x00000000d1200000, 0x00000000d4080000, 0x00000000f0600000)
  object space 47616K, 4% used [0x00000000d1200000,0x00000000d1449448,0x00000000d4080000)
 Metaspace       used 3607K, capacity 4670K, committed 4864K, reserved 1056768K
  class space    used 402K, capacity 430K, committed 512K, reserved 1048576K
}
Event: 32.297 GC heap before
{Heap before GC invocations=9 (full 0):
 PSYoungGen      total 2048K, used 1888K [0x00000000f0600000, 0x00000000f0900000, 0x0000000100000000)
  eden space 1024K, 100% used [0x00000000f0600000,0x00000000f0700000,0x00000000f0700000)
  from space 1024K, 84% used [0x00000000f0800000,0x00000000f08d8000,0x00000000f0900000)
  to   space 1024K, 0% used [0x00000000f0700000,0x00000000f0700000,0x00000000f0800000)
 ParOldGen       total 47616K, used 2341K [0x00000000d1200000, 0x00000000d4080000, 0x00000000f0600000)
  object space 47616K, 4% used [0x00000000d1200000,0x00000000d1449448,0x00000000d4080000)
 Metaspace       used 3616K, capacity 4672K, committed 4864K, reserved 1056768K
  class space    used 402K, capacity 432K, committed 512K, reserved 1048576K
Event: 32.300 GC heap after
Heap after GC invocations=9 (full 0):
 PSYoungGen      total 2048K, used 661K [0x00000000f0600000, 0x00000000f0a00000, 0x0000000100000000)
  eden space 1024K, 0% used [0x00000000f0600000,0x00000000f0600000,0x00000000f0700000)
  from space 1024K, 64% used [0x00000000f0700000,0x00000000f07a5490,0x00000000f0800000)
  to   space 1024K, 0% used [0x00000000f0900000,0x00000000f0900000,0x00000000f0a00000)
 ParOldGen       total 47616K, used 2653K [0x00000000d1200000, 0x00000000d4080000, 0x00000000f0600000)
  object space 47616K, 5% used [0x00000000d1200000,0x00000000d1497448,0x00000000d4080000)
 Metaspace       used 3616K, capacity 4672K, committed 4864K, reserved 1056768K
  class space    used 402K, capacity 432K, committed 512K, reserved 1048576K
}
Event: 32.314 GC heap before
{Heap before GC invocations=10 (full 0):
 PSYoungGen      total 2048K, used 1685K [0x00000000f0600000, 0x00000000f0a00000, 0x0000000100000000)
  eden space 1024K, 100% used [0x00000000f0600000,0x00000000f0700000,0x00000000f0700000)
  from space 1024K, 64% used [0x00000000f0700000,0x00000000f07a5490,0x00000000f0800000)
  to   space 1024K, 0% used [0x00000000f0900000,0x00000000f0900000,0x00000000f0a00000)
 ParOldGen       total 47616K, used 2653K [0x00000000d1200000, 0x00000000d4080000, 0x00000000f0600000)
  object space 47616K, 5% used [0x00000000d1200000,0x00000000d1497448,0x00000000d4080000)
 Metaspace       used 3626K, capacity 4672K, committed 4864K, reserved 1056768K
  class space    used 402K, capacity 432K, committed 512K, reserved 1048576K
Event: 32.316 GC heap after
Heap after GC invocations=10 (full 0):
 PSYoungGen      total 3072K, used 266K [0x00000000f0600000, 0x00000000f0a00000, 0x0000000100000000)
  eden space 2048K, 0% used [0x00000000f0600000,0x00000000f0600000,0x00000000f0800000)
  from space 1024K, 25% used [0x00000000f0900000,0x00000000f09428a0,0x00000000f0a00000)
  to   space 1024K, 0% used [0x00000000f0800000,0x00000000f0800000,0x00000000f0900000)
 ParOldGen       total 47616K, used 3133K [0x00000000d1200000, 0x00000000d4080000, 0x00000000f0600000)
  object space 47616K, 6% used [0x00000000d1200000,0x00000000d150f448,0x00000000d4080000)
 Metaspace       used 3626K, capacity 4672K, committed 4864K, reserved 1056768K
  class space    used 402K, capacity 432K, committed 512K, reserved 1048576K
}
Event: 32.329 GC heap before
{Heap before GC invocations=11 (full 0):
 PSYoungGen      total 3072K, used 2314K [0x00000000f0600000, 0x00000000f0a00000, 0x0000000100000000)
  eden space 2048K, 100% used [0x00000000f0600000,0x00000000f0800000,0x00000000f0800000)
  from space 1024K, 25% used [0x00000000f0900000,0x00000000f09428a0,0x00000000f0a00000)
  to   space 1024K, 0% used [0x00000000f0800000,0x00000000f0800000,0x00000000f0900000)
 ParOldGen       total 47616K, used 3133K [0x00000000d1200000, 0x00000000d4080000, 0x00000000f0600000)
  object space 47616K, 6% used [0x00000000d1200000,0x00000000d150f448,0x00000000d4080000)
 Metaspace       used 3629K, capacity 4672K, committed 4864K, reserved 1056768K
  class space    used 402K, capacity 432K, committed 512K, reserved 1048576K
Event: 32.348 GC heap after
Heap after GC invocations=11 (full 0):
 PSYoungGen      total 3072K, used 298K [0x00000000f0600000, 0x00000000f0b80000, 0x0000000100000000)
  eden space 2048K, 0% used [0x00000000f0600000,0x00000000f0600000,0x00000000f0800000)
  from space 1024K, 29% used [0x00000000f0800000,0x00000000f084a810,0x00000000f0900000)
  to   space 1024K, 0% used [0x00000000f0a80000,0x00000000f0a80000,0x00000000f0b80000)
 ParOldGen       total 47616K, used 3242K [0x00000000d1200000, 0x00000000d4080000, 0x00000000f0600000)
  object space 47616K, 6% used [0x00000000d1200000,0x00000000d152a8d8,0x00000000d4080000)
 Metaspace       used 3629K, capacity 4672K, committed 4864K, reserved 1056768K
  class space    used 402K, capacity 432K, committed 512K, reserved 1048576K
}
Event: 32.352 GC heap before
{Heap before GC invocations=12 (full 0):
 PSYoungGen      total 3072K, used 2251K [0x00000000f0600000, 0x00000000f0b80000, 0x0000000100000000)
  eden space 2048K, 95% used [0x00000000f0600000,0x00000000f07e85c8,0x00000000f0800000)
  from space 1024K, 29% used [0x00000000f0800000,0x00000000f084a810,0x00000000f0900000)
  to   space 1024K, 0% used [0x00000000f0a80000,0x00000000f0a80000,0x00000000f0b80000)
 ParOldGen       total 47616K, used 3242K [0x00000000d1200000, 0x00000000d4080000, 0x00000000f0600000)
  object space 47616K, 6% used [0x00000000d1200000,0x00000000d152a8d8,0x00000000d4080000)
 Metaspace       used 3629K, capacity 4672K, committed 4864K, reserved 1056768K
  class space    used 402K, capacity 432K, committed 512K, reserved 1048576K
Event: 32.356 GC heap after
Heap after GC invocations=12 (full 0):
 PSYoungGen      total 4608K, used 779K [0x00000000f0600000, 0x00000000f0b80000, 0x0000000100000000)
  eden space 3584K, 0% used [0x00000000f0600000,0x00000000f0600000,0x00000000f0980000)
  from space 1024K, 76% used [0x00000000f0a80000,0x00000000f0b42d00,0x00000000f0b80000)
  to   space 1024K, 0% used [0x00000000f0980000,0x00000000f0980000,0x00000000f0a80000)
 ParOldGen       total 47616K, used 3258K [0x00000000d1200000, 0x00000000d4080000, 0x00000000f0600000)
  object space 47616K, 6% used [0x00000000d1200000,0x00000000d152e8d8,0x00000000d4080000)
 Metaspace       used 3629K, capacity 4672K, committed 4864K, reserved 1056768K
  class space    used 402K, capacity 432K, committed 512K, reserved 1048576K
}

Deoptimization events (0 events):
No events

Internal exceptions (10 events):
Event: 40.015 Thread 0x000000000211f000 Exception <a 'java/security/PrivilegedActionException'> (0x00000000f091b9e8) thrown at [D:\re\workspace\8-2-build-windows-amd64-cygwin\jdk8\872\hotspot\src\share\vm\prims\jvm.cpp, line 1248]
Event: 40.017 Thread 0x000000000211f000 Exception <a 'java/security/PrivilegedActionException'> (0x00000000f091e758) thrown at [D:\re\workspace\8-2-build-windows-amd64-cygwin\jdk8\872\hotspot\src\share\vm\prims\jvm.cpp, line 1248]
Event: 40.020 Thread 0x000000000211f000 Exception <a 'java/security/PrivilegedActionException'> (0x00000000f0921ae0) thrown at [D:\re\workspace\8-2-build-windows-amd64-cygwin\jdk8\872\hotspot\src\share\vm\prims\jvm.cpp, line 1248]
Event: 40.022 Thread 0x000000000211f000 Exception <a 'java/security/PrivilegedActionException'> (0x00000000f09251e0) thrown at [D:\re\workspace\8-2-build-windows-amd64-cygwin\jdk8\872\hotspot\src\share\vm\prims\jvm.cpp, line 1248]
Event: 40.024 Thread 0x000000000211f000 Exception <a 'java/security/PrivilegedActionException'> (0x00000000f092ea80) thrown at [D:\re\workspace\8-2-build-windows-amd64-cygwin\jdk8\872\hotspot\src\share\vm\prims\jvm.cpp, line 1248]
Event: 40.027 Thread 0x000000000211f000 Exception <a 'java/security/PrivilegedActionException'> (0x00000000f0932c88) thrown at [D:\re\workspace\8-2-build-windows-amd64-cygwin\jdk8\872\hotspot\src\share\vm\prims\jvm.cpp, line 1248]
Event: 40.029 Thread 0x000000000211f000 Exception <a 'java/security/PrivilegedActionException'> (0x00000000f0937b68) thrown at [D:\re\workspace\8-2-build-windows-amd64-cygwin\jdk8\872\hotspot\src\share\vm\prims\jvm.cpp, line 1248]
Event: 40.032 Thread 0x000000000211f000 Exception <a 'java/security/PrivilegedActionException'> (0x00000000f093f830) thrown at [D:\re\workspace\8-2-build-windows-amd64-cygwin\jdk8\872\hotspot\src\share\vm\prims\jvm.cpp, line 1248]
Event: 83.771 Thread 0x000000000211f000 Exception <a 'java/security/PrivilegedActionException'> (0x00000000f095db78) thrown at [D:\re\workspace\8-2-build-windows-amd64-cygwin\jdk8\872\hotspot\src\share\vm\prims\jvm.cpp, line 1248]
Event: 83.773 Thread 0x000000000211f000 Exception <a 'java/security/PrivilegedActionException'> (0x00000000f0960ff8) thrown at [D:\re\workspace\8-2-build-windows-amd64-cygwin\jdk8\872\hotspot\src\share\vm\prims\jvm.cpp, line 1248]

Events (10 events):
Event: 126.083 Executing VM operation: GetOrSetLocal
Event: 126.083 Executing VM operation: GetOrSetLocal done
Event: 126.084 Executing VM operation: GetOrSetLocal
Event: 126.084 Executing VM operation: GetOrSetLocal done
Event: 126.087 Executing VM operation: GetOrSetLocal
Event: 126.087 Executing VM operation: GetOrSetLocal done
Event: 126.088 Executing VM operation: GetOrSetLocal
Event: 126.088 Executing VM operation: GetOrSetLocal done
Event: 616.227 Executing VM operation: RedefineClasses
Event: 616.228 Executing VM operation: RedefineClasses done


Dynamic libraries:
0x000000013f7d0000 - 0x000000013f804000 	C:\Program Files\Java\jre8\bin\javaw.exe
0x0000000077c10000 - 0x0000000077db9000 	C:\Windows\SYSTEM32\ntdll.dll
0x00000000779f0000 - 0x0000000077b0f000 	C:\Windows\system32\kernel32.dll
0x000007fefdba0000 - 0x000007fefdc0c000 	C:\Windows\system32\KERNELBASE.dll
0x000007fefed60000 - 0x000007fefee3b000 	C:\Windows\system32\ADVAPI32.dll
0x000007feffd60000 - 0x000007feffdff000 	C:\Windows\system32\msvcrt.dll
0x000007fefe990000 - 0x000007fefe9af000 	C:\Windows\SYSTEM32\sechost.dll
0x000007fefec30000 - 0x000007fefed5d000 	C:\Windows\system32\RPCRT4.dll
0x0000000077b10000 - 0x0000000077c0a000 	C:\Windows\system32\USER32.dll
0x000007fefe680000 - 0x000007fefe6e7000 	C:\Windows\system32\GDI32.dll
0x000007fefdd80000 - 0x000007fefdd8e000 	C:\Windows\system32\LPK.dll
0x000007fefe6f0000 - 0x000007fefe7b9000 	C:\Windows\system32\USP10.dll
0x000007fefbfd0000 - 0x000007fefc1c4000 	C:\Windows\WinSxS\amd64_microsoft.windows.common-controls_6595b64144ccf1df_6.0.7601.18837_none_fa3b1e3d17594757\COMCTL32.dll
0x000007fefe330000 - 0x000007fefe3a1000 	C:\Windows\system32\SHLWAPI.dll
0x000007feffef0000 - 0x000007fefff1e000 	C:\Windows\system32\IMM32.DLL
0x000007fefdfc0000 - 0x000007fefe0c9000 	C:\Windows\system32\MSCTF.dll
0x0000000071700000 - 0x00000000717d2000 	C:\Program Files\Java\jre8\bin\msvcr100.dll
0x0000000059a10000 - 0x000000005a23a000 	C:\Program Files\Java\jre8\bin\server\jvm.dll
0x000007fef6c10000 - 0x000007fef6c19000 	C:\Windows\system32\WSOCK32.dll
0x000007feffea0000 - 0x000007feffeed000 	C:\Windows\system32\WS2_32.dll
0x000007fefe820000 - 0x000007fefe828000 	C:\Windows\system32\NSI.dll
0x000007fefa790000 - 0x000007fefa7cb000 	C:\Windows\system32\WINMM.dll
0x0000000077de0000 - 0x0000000077de7000 	C:\Windows\system32\PSAPI.DLL
0x0000000074310000 - 0x000000007431f000 	C:\Program Files\Java\jre8\bin\verify.dll
0x00000000716d0000 - 0x00000000716f8000 	C:\Program Files\Java\jre8\bin\java.dll
0x000000006baa0000 - 0x000000006bad5000 	C:\Program Files\Java\jre8\bin\jdwp.dll
0x000000006c830000 - 0x000000006c838000 	C:\Program Files\Java\jre8\bin\npt.dll
0x00000000716b0000 - 0x00000000716c6000 	C:\Program Files\Java\jre8\bin\zip.dll
0x000007fefefd0000 - 0x000007feffd59000 	C:\Windows\system32\SHELL32.dll
0x000007fefddb0000 - 0x000007fefdfb3000 	C:\Windows\system32\ole32.dll
0x000007fefd9c0000 - 0x000007fefd9cf000 	C:\Windows\system32\profapi.dll
0x000000006d0c0000 - 0x000000006d0c9000 	C:\Program Files\Java\jre8\bin\dt_socket.dll
0x000007fefb510000 - 0x000007fefb525000 	C:\Windows\system32\NLAapi.dll
0x000007fef1180000 - 0x000007fef1195000 	C:\Windows\system32\napinsp.dll
0x000007fef1160000 - 0x000007fef1179000 	C:\Windows\system32\pnrpnsp.dll
0x000007fefd1a0000 - 0x000007fefd1f5000 	C:\Windows\System32\mswsock.dll
0x000007fefd020000 - 0x000007fefd07b000 	C:\Windows\system32\DNSAPI.dll
0x000007fef1150000 - 0x000007fef115b000 	C:\Windows\System32\winrnr.dll
0x000007fefcb60000 - 0x000007fefcb87000 	C:\Windows\system32\IPHLPAPI.DLL
0x000007fefcb50000 - 0x000007fefcb5b000 	C:\Windows\system32\WINNSI.DLL
0x000007fefaeb0000 - 0x000007fefaf03000 	C:\Windows\System32\fwpuclnt.dll
0x000007fef1280000 - 0x000007fef1288000 	C:\Windows\system32\rasadhlp.dll
0x0000000180000000 - 0x0000000180078000 	C:\Windows\system32\HMIPCore64.dll
0x000007fefe830000 - 0x000007fefe907000 	C:\Windows\system32\OLEAUT32.dll
0x000007fefcb40000 - 0x000007fefcb4c000 	C:\Windows\system32\VERSION.dll
0x000007fefd7d0000 - 0x000007fefd7f5000 	C:\Windows\system32\SspiCli.dll
0x000007fefd860000 - 0x000007fefd86f000 	C:\Windows\system32\CRYPTBASE.dll
0x000007fefbf20000 - 0x000007fefbf76000 	C:\Windows\system32\uxtheme.dll
0x000007fefcb20000 - 0x000007fefcb27000 	C:\Windows\System32\wshtcpip.dll
0x000007feffe00000 - 0x000007feffe99000 	C:\Windows\system32\CLBCatQ.DLL
0x000007fefd200000 - 0x000007fefd218000 	C:\Windows\system32\CRYPTSP.dll
0x000007fefcf00000 - 0x000007fefcf47000 	C:\Windows\system32\rsaenh.dll
0x000007fefd910000 - 0x000007fefd924000 	C:\Windows\system32\RpcRtRemote.dll
0x000007fefd870000 - 0x000007fefd901000 	C:\Windows\system32\SXS.DLL
0x0000000071690000 - 0x00000000716a9000 	C:\Program Files\Java\jre8\bin\net.dll
0x000007fefd190000 - 0x000007fefd197000 	C:\Windows\System32\wship6.dll
0x000007fefdb00000 - 0x000007fefdb1e000 	C:\Windows\system32\USERENV.dll
0x0000000071670000 - 0x0000000071681000 	C:\Program Files\Java\jre8\bin\nio.dll
0x000000006d580000 - 0x000000006d63d000 	C:\Users\Admin\AppData\Local\Temp\sqlite-3.8.11.2-c992ae75-1a22-425b-90cc-562f6ad7ef4d-sqlitejdbc.dll
0x000007fef0cb0000 - 0x000007fef0dd5000 	C:\Windows\system32\dbghelp.dll

VM Arguments:
jvm_args: -agentlib:jdwp=transport=dt_socket,suspend=y,address=localhost:58098 -Dfile.encoding=Cp1251 
java_command: main.Test
java_class_path (initial): C:\Users\Admin\workspace\Soccer\build\classes;C:\Users\Admin\workspace\Soccer\lib\java-json.jar;C:\Users\Admin\workspace\Soccer\lib\sqlite-jdbc-3.8.11.2.jar
Launcher Type: SUN_STANDARD

Environment Variables:
PATH=C:\Program Files (x86)\NVIDIA Corporation\PhysX\Common;C:\Program Files (x86)\AMD APP\bin\x86_64;C:\Program Files (x86)\AMD APP\bin\x86;C:\Windows\system32;C:\Windows;C:\Windows\System32\Wbem;C:\Windows\System32\WindowsPowerShell\v1.0\;C:\Program Files (x86)\ATI Technologies\ATI.ACE\Core-Static;C:\Program Files\Broadcom\Broadcom 802.11 Network Adapter\Driver;C:\Program Files\MATLAB\R2011a\runtime\win64;C:\Program Files\MATLAB\R2011a\bin;C:\Program Files (x86)\Git\cmd;D:\Program Files (x86)\Microsoft SQL Server\100\Tools\Binn\;D:\Program Files (x86)\Microsoft SQL Server\100\DTS\Binn\;D:\Program Files (x86)\Microsoft SQL Server\100\Tools\Binn\VSShell\Common7\IDE\;C:\Program Files (x86)\Skype\Phone\;C:\Ruby200\bin;C:\GNUstep\bin;C:\GNUstep\GNUstep\System\Tools;C:\Ruby200\lib;C:\Program Files (x86)\Common Files\Shoes\0.r1514\..;C:\sqlite 
USERNAME=Admin
OS=Windows_NT
PROCESSOR_IDENTIFIER=Intel64 Family 6 Model 37 Stepping 5, GenuineIntel



---------------  S Y S T E M  ---------------

OS: Windows 7 , 64 bit Build 7601 Service Pack 1

CPU:total 4 (2 cores per cpu, 2 threads per core) family 6 model 37 stepping 5, cmov, cx8, fxsr, mmx, sse, sse2, sse3, ssse3, sse4.1, sse4.2, popcnt, ht, tsc, tscinvbit

Memory: 4k page, physical 3070680k(892332k free), swap 6139524k(1662852k free)

vm_info: Java HotSpot(TM) 64-Bit Server VM (25.0-b60) for windows-amd64 JRE (1.8.0-ea-b118), built on Nov 28 2013 06:00:08 by "java_re" with MS VC++ 10.0 (VS2010)

time: Wed Oct 14 01:18:37 2015
elapsed time: 616 seconds

